[09/10/2025 11:12:55] Usuário em DESKTOP-DT7NUH3 - Iniciando script: C:\Users\Usuário\Desktop\Lab\Administrador\Administrador.ps1
[09/10/2025 11:12:58] Usuário em DESKTOP-DT7NUH3 - Script concluído: C:\Users\Usuário\Desktop\Lab\Administrador\Administrador.ps1
[09/10/2025 11:13:00] Usuário em DESKTOP-DT7NUH3 - Iniciando script: C:\Users\Usuário\Desktop\Lab\Bateria\Bateria.ps1
[09/10/2025 11:13:02] Usuário em DESKTOP-DT7NUH3 - Script concluído: C:\Users\Usuário\Desktop\Lab\Bateria\Bateria.ps1
[09/10/2025 11:13:04] Usuário em DESKTOP-DT7NUH3 - Iniciando script: C:\Users\Usuário\Desktop\Lab\Impressoras\Impressoras.ps1
[09/10/2025 11:13:10] Usuário em DESKTOP-DT7NUH3 - Script concluído: C:\Users\Usuário\Desktop\Lab\Impressoras\Impressoras.ps1
[09/10/2025 14:42:06] Usuário em DESKTOP-DT7NUH3 - Iniciando script: C:\Users\Usuário\Desktop\Lab\Administrador\Administrador.ps1
[09/10/2025 14:42:08] Usuário em DESKTOP-DT7NUH3 - Script concluído: C:\Users\Usuário\Desktop\Lab\Administrador\Administrador.ps1
[09/10/2025 14:42:09] Usuário em DESKTOP-DT7NUH3 - Iniciando script: C:\Users\Usuário\Desktop\Lab\Bateria\Bateria.ps1
[09/10/2025 14:42:11] Usuário em DESKTOP-DT7NUH3 - Script concluído: C:\Users\Usuário\Desktop\Lab\Bateria\Bateria.ps1
[09/10/2025 14:46:26] Usuário em DESKTOP-DT7NUH3 - Iniciando script: C:\Users\Usuário\Desktop\Lab\Plano de energia\Plano de energia.ps1
[09/10/2025 14:46:30] Usuário em DESKTOP-DT7NUH3 - Script concluído: C:\Users\Usuário\Desktop\Lab\Plano de energia\Plano de energia.ps1
[09/10/2025 15:05:33] Usuário em DESKTOP-DT7NUH3 - Iniciando script: C:\Users\Usuário\Desktop\Lab\Alterar Plano de energia\Plano de energia.ps1
[09/10/2025 15:05:35] Usuário em DESKTOP-DT7NUH3 - Script concluído: C:\Users\Usuário\Desktop\Lab\Alterar Plano de energia\Plano de energia.ps1
[09/10/2025 15:16:06] Usuário@DESKTOP-DT7NUH3 - Iniciando script: C:\Users\Usuário\Desktop\Lab\Alterar Plano de energia\Plano de energia.ps1
[09/10/2025 15:16:08] Usuário@DESKTOP-DT7NUH3 - Script concluído: C:\Users\Usuário\Desktop\Lab\Alterar Plano de energia\Plano de energia.ps1
[09/10/2025 15:17:42] Usuário@DESKTOP-DT7NUH3 - Iniciando script: C:\Users\Usuário\Desktop\Lab\Alterar Plano de energia\Plano de energia.ps1
[09/10/2025 15:17:45] Usuário@DESKTOP-DT7NUH3 - Script concluído: C:\Users\Usuário\Desktop\Lab\Alterar Plano de energia\Plano de energia.ps1
[09/10/2025 15:20:37] Usuário@DESKTOP-DT7NUH3 - Iniciando script: C:\Users\Usuário\Desktop\Lab\Criar Senha Administrador\Administrador.ps1
[09/10/2025 15:20:40] Usuário@DESKTOP-DT7NUH3 - Script concluído: C:\Users\Usuário\Desktop\Lab\Criar Senha Administrador\Administrador.ps1
[09/10/2025 15:22:53] Usuário@DESKTOP-DT7NUH3 - Iniciando script: C:\Users\Usuário\Desktop\Lab\Alterar Plano de energia\Plano de energia.ps1
[09/10/2025 15:22:55] Usuário@DESKTOP-DT7NUH3 - Script concluído: C:\Users\Usuário\Desktop\Lab\Alterar Plano de energia\Plano de energia.ps1
