[08/10/2025 14:51:01] Usuário em DESKTOP-DT7NUH3 - Iniciando script: C:\Users\Usuário\Desktop\Lab\Bateria\Bateria.ps1
[08/10/2025 14:51:10] Usuário em DESKTOP-DT7NUH3 - Script concluído: C:\Users\Usuário\Desktop\Lab\Bateria\Bateria.ps1
[08/10/2025 14:51:18] Usuário em DESKTOP-DT7NUH3 - Iniciando script: C:\Users\Usuário\Desktop\Lab\Icone\Icone.ps1
[08/10/2025 14:51:20] Usuário em DESKTOP-DT7NUH3 - Script concluído: C:\Users\Usuário\Desktop\Lab\Icone\Icone.ps1
[08/10/2025 14:51:25] Usuário em DESKTOP-DT7NUH3 - Iniciando script: C:\Users\Usuário\Desktop\Lab\Impressoras\Impressoras.ps1
[08/10/2025 14:51:50] Usuário em DESKTOP-DT7NUH3 - Script concluído: C:\Users\Usuário\Desktop\Lab\Impressoras\Impressoras.ps1
[08/10/2025 14:51:53] Usuário em DESKTOP-DT7NUH3 - Iniciando script: C:\Users\Usuário\Desktop\Lab\Ipv6\Ipv6.ps1
[08/10/2025 14:52:03] Usuário em DESKTOP-DT7NUH3 - Script concluído: C:\Users\Usuário\Desktop\Lab\Ipv6\Ipv6.ps1
[08/10/2025 14:52:06] Usuário em DESKTOP-DT7NUH3 - Iniciando script: C:\Users\Usuário\Desktop\Lab\Programas\Programas.ps1
[08/10/2025 14:52:13] Usuário em DESKTOP-DT7NUH3 - Script concluído: C:\Users\Usuário\Desktop\Lab\Programas\Programas.ps1
[08/10/2025 14:52:18] Usuário em DESKTOP-DT7NUH3 - Iniciando script: C:\Users\Usuário\Desktop\Lab\Visual\Visual.ps1
[08/10/2025 14:52:19] Usuário em DESKTOP-DT7NUH3 - Script concluído: C:\Users\Usuário\Desktop\Lab\Visual\Visual.ps1
[08/10/2025 14:52:46] Usuário em DESKTOP-DT7NUH3 - Iniciando script: C:\Users\Usuário\Desktop\Lab\Visual\Visual.ps1
[08/10/2025 14:52:47] Usuário em DESKTOP-DT7NUH3 - Script concluído: C:\Users\Usuário\Desktop\Lab\Visual\Visual.ps1
[08/10/2025 14:53:11] Usuário em DESKTOP-DT7NUH3 - Iniciando script: C:\Users\Usuário\Desktop\Lab\Visual\Visual.ps1
[08/10/2025 14:53:12] Usuário em DESKTOP-DT7NUH3 - Script concluído: C:\Users\Usuário\Desktop\Lab\Visual\Visual.ps1
[08/10/2025 14:53:45] Usuário em DESKTOP-DT7NUH3 - Iniciando script: C:\Users\Usuário\Desktop\Lab\Visual\Visual.ps1
[08/10/2025 14:53:46] Usuário em DESKTOP-DT7NUH3 - Script concluído: C:\Users\Usuário\Desktop\Lab\Visual\Visual.ps1
[08/10/2025 14:55:20] Usuário em DESKTOP-DT7NUH3 - Iniciando script: C:\Users\Usuário\Desktop\Lab\Bateria\Bateria.ps1
[08/10/2025 14:55:28] Usuário em DESKTOP-DT7NUH3 - Script concluído: C:\Users\Usuário\Desktop\Lab\Bateria\Bateria.ps1
[08/10/2025 14:55:34] Usuário em DESKTOP-DT7NUH3 - Iniciando script: C:\Users\Usuário\Desktop\Lab\Impressoras\Impressoras.ps1
[08/10/2025 14:55:40] Usuário em DESKTOP-DT7NUH3 - Script concluído: C:\Users\Usuário\Desktop\Lab\Impressoras\Impressoras.ps1
[08/10/2025 14:55:53] Usuário em DESKTOP-DT7NUH3 - Iniciando script: C:\Users\Usuário\Desktop\Lab\Programas\Programas.ps1
[08/10/2025 14:58:26] Usuário em DESKTOP-DT7NUH3 - Script concluído: C:\Users\Usuário\Desktop\Lab\Programas\Programas.ps1
[08/10/2025 15:00:19] Usuário em DESKTOP-DT7NUH3 - Iniciando script: C:\Users\Usuário\Desktop\Lab\Impressoras\Impressoras.ps1
[08/10/2025 15:00:31] Usuário em DESKTOP-DT7NUH3 - Script concluído: C:\Users\Usuário\Desktop\Lab\Impressoras\Impressoras.ps1
[08/10/2025 16:13:25] Usuário em DESKTOP-DT7NUH3 - Iniciando script: C:\Users\Usuário\Desktop\Lab\Bateria\Bateria.ps1
[08/10/2025 16:13:35] Usuário em DESKTOP-DT7NUH3 - Script concluído: C:\Users\Usuário\Desktop\Lab\Bateria\Bateria.ps1
[08/10/2025 16:13:37] Usuário em DESKTOP-DT7NUH3 - Iniciando script: C:\Users\Usuário\Desktop\Lab\Impressoras\Impressoras.ps1
[08/10/2025 16:14:05] Usuário em DESKTOP-DT7NUH3 - Script concluído: C:\Users\Usuário\Desktop\Lab\Impressoras\Impressoras.ps1
[08/10/2025 16:14:07] Usuário em DESKTOP-DT7NUH3 - Iniciando script: C:\Users\Usuário\Desktop\Lab\Impressoras\Impressoras.ps1
[08/10/2025 16:14:27] Usuário em DESKTOP-DT7NUH3 - Script concluído: C:\Users\Usuário\Desktop\Lab\Impressoras\Impressoras.ps1
[08/10/2025 16:40:49] Usuário em DESKTOP-DT7NUH3 - Iniciando script: C:\Users\Usuário\Desktop\Lab\Ipv6\Ipv6.ps1
[08/10/2025 16:40:51] Usuário em DESKTOP-DT7NUH3 - Script concluído: C:\Users\Usuário\Desktop\Lab\Ipv6\Ipv6.ps1
[08/10/2025 16:41:09] Usuário em DESKTOP-DT7NUH3 - Iniciando script: C:\Users\Usuário\Desktop\Lab\Programas\Programas.ps1
[08/10/2025 16:41:53] Usuário em DESKTOP-DT7NUH3 - Script concluído: C:\Users\Usuário\Desktop\Lab\Programas\Programas.ps1
[08/10/2025 16:49:13] Usuário em DESKTOP-DT7NUH3 - Iniciando script: C:\Users\Usuário\Desktop\Lab\Bateria\Bateria.ps1
[08/10/2025 16:49:20] Usuário em DESKTOP-DT7NUH3 - Script concluído: C:\Users\Usuário\Desktop\Lab\Bateria\Bateria.ps1
[08/10/2025 16:55:46] Usuário em DESKTOP-DT7NUH3 - START: 
[08/10/2025 16:55:53] Usuário em DESKTOP-DT7NUH3 - START: 
[08/10/2025 17:36:59] Usuário em DESKTOP-DT7NUH3 - Iniciando script: C:\Users\Usuário\Desktop\Lab\Administrador\Administrador.ps1
[08/10/2025 17:37:04] Usuário em DESKTOP-DT7NUH3 - Script concluído: C:\Users\Usuário\Desktop\Lab\Administrador\Administrador.ps1
